[offtarget] Loaded 37 unique guides, max_mismatches=3
[offtarget] Guide index: 0 entries (37 fwd + RC), 0 seed buckets
[offtarget] Scanning reference genome: /Volumes/T9/loom-openscience/raw/chicken/chicken.fna
[offtarget] 214 chromosomes/contigs found
[offtarget]   NC_052532.1 — 187.3 Mb, 0 hits in 0.01s
[offtarget]   NW_024095932.1 — 0.0 Mb, 0 hits in 0.00s
[offtarget]   NW_024095933.1 — 0.1 Mb, 0 hits in 0.00s
[offtarget]   NW_024095934.1 — 0.0 Mb, 0 hits in 0.00s
[offtarget]   NW_024095935.1 — 0.0 Mb, 0 hits in 0.00s
[offtarget]   NC_052533.1 — 142.6 Mb, 0 hits in 0.01s
[offtarget]   NC_052534.1 — 105.5 Mb, 0 hits in 0.00s
[offtarget]   NC_052535.1 — 86.7 Mb, 0 hits in 0.00s
[offtarget]   NW_024095936.1 — 0.0 Mb, 0 hits in 0.00s
[offtarget]   NW_024095937.1 — 0.0 Mb, 0 hits in 0.00s
[offtarget]   NC_052536.1 — 56.7 Mb, 0 hits in 0.00s
[offtarget]   NC_052537.1 — 34.5 Mb, 0 hits in 0.00s
[offtarget]   NC_052538.1 — 34.7 Mb, 0 hits in 0.00s
[offtarget]   NC_052539.1 — 28.2 Mb, 0 hits in 0.00s
[offtarget]   NC_052540.1 — 22.6 Mb, 0 hits in 0.00s
[offtarget]   NC_052541.1 — 19.5 Mb, 0 hits in 0.00s
[offtarget]   NC_052542.1 — 18.7 Mb, 0 hits in 0.00s
[offtarget]   NC_052543.1 — 19.2 Mb, 0 hits in 0.00s
[offtarget]   NC_052544.1 — 17.1 Mb, 0 hits in 0.00s
[offtarget]   NC_052545.1 — 14.6 Mb, 0 hits in 0.00s
[offtarget]   NC_052546.1 — 12.1 Mb, 0 hits in 0.00s
[offtarget]   NC_052547.1 — 2.6 Mb, 0 hits in 0.00s
[offtarget]   NW_024095938.1 — 0.1 Mb, 0 hits in 0.00s
[offtarget]   NW_024095939.1 — 0.2 Mb, 0 hits in 0.00s
[offtarget]   NW_024095940.1 — 0.0 Mb, 0 hits in 0.00s
[offtarget]   NW_024095941.1 — 0.0 Mb, 0 hits in 0.00s
[offtarget]   NW_024095942.1 — 0.1 Mb, 0 hits in 0.00s
[offtarget]   NC_052548.1 — 10.6 Mb, 0 hits in 0.00s
[offtarget]   NC_052549.1 — 11.1 Mb, 0 hits in 0.00s
[offtarget]   NC_052550.1 — 10.0 Mb, 0 hits in 0.00s
[offtarget]   NC_052551.1 — 13.6 Mb, 0 hits in 0.00s
[offtarget]   NC_052552.1 — 6.6 Mb, 0 hits in 0.00s
[offtarget]   NC_052553.1 — 4.5 Mb, 0 hits in 0.00s
[offtarget]   NC_052554.1 — 6.0 Mb, 0 hits in 0.00s
[offtarget]   NC_052555.1 — 6.2 Mb, 0 hits in 0.00s
[offtarget]   NC_052556.1 — 2.9 Mb, 0 hits in 0.00s
[offtarget]   NC_052557.1 — 5.1 Mb, 0 hits in 0.00s
[offtarget]   NC_052558.1 — 5.0 Mb, 0 hits in 0.00s
[offtarget]   NC_052559.1 — 5.2 Mb, 0 hits in 0.00s
[offtarget]   NC_052560.1 — 0.7 Mb, 0 hits in 0.00s
[offtarget]   NW_024095943.1 — 0.0 Mb, 0 hits in 0.00s
[offtarget]   NW_024095944.1 — 0.1 Mb, 0 hits in 0.00s
[offtarget]   NC_052561.1 — 0.7 Mb, 0 hits in 0.00s
[offtarget]   NC_052562.1 — 2.3 Mb, 0 hits in 0.00s
[offtarget]   NW_024095945.1 — 0.1 Mb, 0 hits in 0.00s
[offtarget]   NW_024095946.1 — 0.1 Mb, 0 hits in 0.00s
[offtarget]   NW_024095947.1 — 0.1 Mb, 0 hits in 0.00s
[offtarget]   NC_052563.1 — 0.1 Mb, 0 hits in 0.00s
[offtarget]   NW_024095948.1 — 0.1 Mb, 0 hits in 0.00s
[offtarget]   NW_024095949.1 — 0.1 Mb, 0 hits in 0.00s
[offtarget]   NW_024095950.1 — 0.1 Mb, 0 hits in 0.00s
[offtarget]   NW_024095951.1 — 0.0 Mb, 0 hits in 0.00s
[offtarget]   NW_024095952.1 — 0.1 Mb, 0 hits in 0.00s
[offtarget]   NW_024095953.1 — 0.1 Mb, 0 hits in 0.00s
[offtarget]   NC_052564.1 — 3.7 Mb, 0 hits in 0.00s
[offtarget]   NW_024095954.1 — 0.1 Mb, 0 hits in 0.00s
[offtarget]   NW_024095955.1 — 0.0 Mb, 0 hits in 0.00s
[offtarget]   NC_052565.1 — 3.3 Mb, 0 hits in 0.00s
[offtarget]   NC_052566.1 — 0.5 Mb, 0 hits in 0.00s
[offtarget]   NW_024095956.1 — 0.2 Mb, 0 hits in 0.00s
[offtarget]   NW_024095957.1 — 0.1 Mb, 0 hits in 0.00s
[offtarget]   NW_024095958.1 — 0.0 Mb, 0 hits in 0.00s
[offtarget]   NW_024095959.1 — 0.1 Mb, 0 hits in 0.00s
[offtarget]   NW_024095960.1 — 0.0 Mb, 0 hits in 0.00s
[offtarget]   NC_052567.1 — 0.3 Mb, 0 hits in 0.00s
[offtarget]   NW_024095961.1 — 0.2 Mb, 0 hits in 0.00s
[offtarget]   NW_024095962.1 — 0.1 Mb, 0 hits in 0.00s
[offtarget]   NW_024095963.1 — 0.0 Mb, 0 hits in 0.00s
[offtarget]   NW_024095964.1 — 0.0 Mb, 0 hits in 0.00s
[offtarget]   NW_024095965.1 — 0.0 Mb, 0 hits in 0.00s
[offtarget]   NW_024095966.1 — 0.1 Mb, 0 hits in 0.00s
[offtarget]   NC_052568.1 — 0.2 Mb, 0 hits in 0.00s
[offtarget]   NW_024095967.1 — 0.2 Mb, 0 hits in 0.00s
[offtarget]   NW_024095968.1 — 0.1 Mb, 0 hits in 0.00s
[offtarget]   NW_024095969.1 — 0.1 Mb, 0 hits in 0.00s
[offtarget]   NW_024095970.1 — 0.1 Mb, 0 hits in 0.00s
[offtarget]   NW_024095971.1 — 0.1 Mb, 0 hits in 0.00s
[offtarget]   NW_024095972.1 — 0.1 Mb, 0 hits in 0.00s
[offtarget]   NC_052569.1 — 0.6 Mb, 0 hits in 0.00s
[offtarget]   NC_052570.1 — 0.2 Mb, 0 hits in 0.00s
[offtarget]   NW_024095973.1 — 0.1 Mb, 0 hits in 0.00s
[offtarget]   NW_024095974.1 — 0.1 Mb, 0 hits in 0.00s
[offtarget]   NC_052571.1 — 8.7 Mb, 0 hits in 0.00s
[offtarget]   NW_024095975.1 — 0.1 Mb, 0 hits in 0.00s
[offtarget]   NW_024095976.1 — 0.1 Mb, 0 hits in 0.00s
[offtarget]   NW_024095977.1 — 0.2 Mb, 0 hits in 0.00s
[offtarget]   NW_024095978.1 — 0.1 Mb, 0 hits in 0.00s
[offtarget]   NW_024095979.1 — 0.1 Mb, 0 hits in 0.00s
[offtarget]   NW_024095980.1 — 0.1 Mb, 0 hits in 0.00s
[offtarget]   NW_024095981.1 — 0.1 Mb, 0 hits in 0.00s
[offtarget]   NW_024095982.1 — 0.4 Mb, 0 hits in 0.00s
[offtarget]   NW_024095983.1 — 0.2 Mb, 0 hits in 0.00s
[offtarget]   NW_024095984.1 — 0.1 Mb, 0 hits in 0.00s
[offtarget]   NW_024095985.1 — 0.1 Mb, 0 hits in 0.00s
[offtarget]   NW_024095986.1 — 0.1 Mb, 0 hits in 0.00s
[offtarget]   NW_024095987.1 — 0.1 Mb, 0 hits in 0.00s
[offtarget]   NW_024095988.1 — 0.1 Mb, 0 hits in 0.00s
[offtarget]   NW_024095989.1 — 0.1 Mb, 0 hits in 0.00s
[offtarget]   NW_024095990.1 — 0.0 Mb, 0 hits in 0.00s
[offtarget]   NW_024095991.1 — 0.1 Mb, 0 hits in 0.00s
[offtarget]   NW_024095992.1 — 0.1 Mb, 0 hits in 0.00s
[offtarget]   NW_024095993.1 — 0.2 Mb, 0 hits in 0.00s
[offtarget]   NC_052572.1 — 82.1 Mb, 0 hits in 0.00s
[offtarget]   NW_024095994.1 — 0.1 Mb, 0 hits in 0.00s
[offtarget]   NW_024095995.1 — 0.1 Mb, 0 hits in 0.00s
[offtarget]   NW_024095996.1 — 0.4 Mb, 0 hits in 0.00s
[offtarget]   NW_024095997.1 — 0.3 Mb, 0 hits in 0.00s
[offtarget]   NW_024095998.1 — 0.2 Mb, 0 hits in 0.00s
[offtarget]   NW_024095999.1 — 0.2 Mb, 0 hits in 0.00s
[offtarget]   NW_024096000.1 — 0.0 Mb, 0 hits in 0.00s
[offtarget]   NW_024096001.1 — 0.1 Mb, 0 hits in 0.00s
[offtarget]   NW_024096002.1 — 0.1 Mb, 0 hits in 0.00s
[offtarget]   NW_024096003.1 — 0.1 Mb, 0 hits in 0.00s
[offtarget]   NW_024096004.1 — 0.1 Mb, 0 hits in 0.00s
[offtarget]   NW_024096005.1 — 0.1 Mb, 0 hits in 0.00s
[offtarget]   NW_024096006.1 — 0.0 Mb, 0 hits in 0.00s
[offtarget]   NW_024096007.1 — 0.2 Mb, 0 hits in 0.00s
[offtarget]   NW_024096008.1 — 0.1 Mb, 0 hits in 0.00s
[offtarget]   NW_024096009.1 — 0.1 Mb, 0 hits in 0.00s
[offtarget]   NW_024096010.1 — 0.0 Mb, 0 hits in 0.00s
[offtarget]   NW_024096011.1 — 0.2 Mb, 0 hits in 0.00s
[offtarget]   NW_024096012.1 — 0.1 Mb, 0 hits in 0.00s
[offtarget]   NW_024096013.1 — 0.1 Mb, 0 hits in 0.00s
[offtarget]   NW_024096014.1 — 0.0 Mb, 0 hits in 0.00s
[offtarget]   NW_024096015.1 — 0.0 Mb, 0 hits in 0.00s
[offtarget]   NW_024096016.1 — 0.0 Mb, 0 hits in 0.00s
[offtarget]   NW_024096017.1 — 0.0 Mb, 0 hits in 0.00s
[offtarget]   NW_024096018.1 — 0.1 Mb, 0 hits in 0.00s
[offtarget]   NW_024096019.1 — 0.0 Mb, 0 hits in 0.00s
[offtarget]   NW_024096020.1 — 0.0 Mb, 0 hits in 0.00s
[offtarget]   NW_024096021.1 — 0.0 Mb, 0 hits in 0.00s
[offtarget]   NW_024096022.1 — 0.0 Mb, 0 hits in 0.00s
[offtarget]   NW_024096023.1 — 0.1 Mb, 0 hits in 0.00s
[offtarget]   NW_024096024.1 — 0.0 Mb, 0 hits in 0.00s
[offtarget]   NW_024096025.1 — 0.1 Mb, 0 hits in 0.00s
[offtarget]   NW_024096026.1 — 0.1 Mb, 0 hits in 0.00s
[offtarget]   NW_024096027.1 — 0.1 Mb, 0 hits in 0.00s
[offtarget]   NW_024096028.1 — 0.1 Mb, 0 hits in 0.00s
[offtarget]   NW_024096029.1 — 0.1 Mb, 0 hits in 0.00s
[offtarget]   NW_024096030.1 — 0.1 Mb, 0 hits in 0.00s
[offtarget]   NW_024096031.1 — 0.1 Mb, 0 hits in 0.00s
[offtarget]   NW_024096032.1 — 0.0 Mb, 0 hits in 0.00s
[offtarget]   NW_024096033.1 — 0.1 Mb, 0 hits in 0.00s
[offtarget]   NW_024096034.1 — 0.1 Mb, 0 hits in 0.00s
[offtarget]   NW_024096035.1 — 0.1 Mb, 0 hits in 0.00s
[offtarget]   NW_024096036.1 — 0.1 Mb, 0 hits in 0.00s
[offtarget]   NW_024096037.1 — 0.1 Mb, 0 hits in 0.00s
[offtarget]   NW_024096038.1 — 0.1 Mb, 0 hits in 0.00s
[offtarget]   NW_024096039.1 — 0.1 Mb, 0 hits in 0.00s
[offtarget]   NW_024096040.1 — 0.1 Mb, 0 hits in 0.00s
[offtarget]   NW_024096041.1 — 0.1 Mb, 0 hits in 0.00s
[offtarget]   NW_024096042.1 — 0.1 Mb, 0 hits in 0.00s
[offtarget]   NW_024096043.1 — 0.1 Mb, 0 hits in 0.00s
[offtarget]   NW_024096044.1 — 0.1 Mb, 0 hits in 0.00s
[offtarget]   NW_024096045.1 — 0.1 Mb, 0 hits in 0.00s
[offtarget]   NW_024096046.1 — 0.0 Mb, 0 hits in 0.00s
[offtarget]   NW_024096047.1 — 0.0 Mb, 0 hits in 0.00s
[offtarget]   NW_024096048.1 — 0.0 Mb, 0 hits in 0.00s
[offtarget]   NW_024096049.1 — 0.0 Mb, 0 hits in 0.00s
[offtarget]   NW_024096050.1 — 0.0 Mb, 0 hits in 0.00s
[offtarget]   NW_024096051.1 — 0.0 Mb, 0 hits in 0.00s
[offtarget]   NW_024096052.1 — 0.0 Mb, 0 hits in 0.00s
[offtarget]   NW_024096053.1 — 0.0 Mb, 0 hits in 0.00s
[offtarget]   NW_024096054.1 — 0.0 Mb, 0 hits in 0.00s
[offtarget]   NW_024096055.1 — 0.0 Mb, 0 hits in 0.00s
[offtarget]   NW_024096056.1 — 0.0 Mb, 0 hits in 0.00s
[offtarget]   NW_024096057.1 — 0.0 Mb, 0 hits in 0.00s
[offtarget]   NW_024096058.1 — 0.0 Mb, 0 hits in 0.00s
[offtarget]   NW_024096059.1 — 0.0 Mb, 0 hits in 0.00s
[offtarget]   NW_024096060.1 — 0.0 Mb, 0 hits in 0.00s
[offtarget]   NW_024096061.1 — 0.0 Mb, 0 hits in 0.00s
[offtarget]   NW_024096062.1 — 0.0 Mb, 0 hits in 0.00s
[offtarget]   NW_024096063.1 — 0.0 Mb, 0 hits in 0.00s
[offtarget]   NW_024096064.1 — 0.0 Mb, 0 hits in 0.00s
[offtarget]   NW_024096065.1 — 0.0 Mb, 0 hits in 0.00s
[offtarget]   NW_024096066.1 — 0.0 Mb, 0 hits in 0.00s
[offtarget]   NW_024096067.1 — 0.0 Mb, 0 hits in 0.00s
[offtarget]   NW_024096068.1 — 0.0 Mb, 0 hits in 0.00s
[offtarget]   NW_024096069.1 — 0.0 Mb, 0 hits in 0.00s
[offtarget]   NW_024096070.1 — 0.0 Mb, 0 hits in 0.00s
[offtarget]   NW_024096071.1 — 0.0 Mb, 0 hits in 0.00s
[offtarget]   NW_024096072.1 — 0.0 Mb, 0 hits in 0.00s
[offtarget]   NW_024096073.1 — 0.0 Mb, 0 hits in 0.00s
[offtarget]   NW_024096074.1 — 0.0 Mb, 0 hits in 0.00s
[offtarget]   NW_024096075.1 — 0.0 Mb, 0 hits in 0.00s
[offtarget]   NW_024096076.1 — 0.0 Mb, 0 hits in 0.00s
[offtarget]   NW_024096077.1 — 0.0 Mb, 0 hits in 0.00s
[offtarget]   NW_024096078.1 — 0.0 Mb, 0 hits in 0.00s
[offtarget]   NW_024096079.1 — 0.0 Mb, 0 hits in 0.00s
[offtarget]   NW_024096080.1 — 0.0 Mb, 0 hits in 0.00s
[offtarget]   NW_024096081.1 — 0.0 Mb, 0 hits in 0.00s
[offtarget]   NW_024096082.1 — 0.0 Mb, 0 hits in 0.00s
[offtarget]   NW_024096083.1 — 0.0 Mb, 0 hits in 0.00s
[offtarget]   NW_024096084.1 — 0.0 Mb, 0 hits in 0.00s
[offtarget]   NW_024096085.1 — 0.0 Mb, 0 hits in 0.00s
[offtarget]   NW_024096086.1 — 0.0 Mb, 0 hits in 0.00s
[offtarget]   NW_024096087.1 — 0.0 Mb, 0 hits in 0.00s
[offtarget]   NW_024096088.1 — 0.0 Mb, 0 hits in 0.00s
[offtarget]   NW_024096089.1 — 0.0 Mb, 0 hits in 0.00s
[offtarget]   NW_024096090.1 — 0.0 Mb, 0 hits in 0.00s
[offtarget]   NW_024096091.1 — 0.0 Mb, 0 hits in 0.00s
[offtarget]   NW_024096092.1 — 0.0 Mb, 0 hits in 0.00s
[offtarget]   NW_024096093.1 — 0.0 Mb, 0 hits in 0.00s
[offtarget]   NW_024096094.1 — 0.0 Mb, 0 hits in 0.00s
[offtarget]   NW_024096095.1 — 0.0 Mb, 0 hits in 0.00s
[offtarget]   NW_024096096.1 — 0.0 Mb, 0 hits in 0.00s
[offtarget]   NW_024096097.1 — 0.0 Mb, 0 hits in 0.00s
[offtarget]   NW_024096098.1 — 0.0 Mb, 0 hits in 0.00s
[offtarget]   NW_024096099.1 — 0.0 Mb, 0 hits in 0.00s
[offtarget]   NW_024096100.1 — 0.0 Mb, 0 hits in 0.00s
[offtarget]   NW_024096101.1 — 0.0 Mb, 0 hits in 0.00s
[offtarget]   NW_024096102.1 — 0.0 Mb, 0 hits in 0.00s
[offtarget]   NW_024096103.1 — 0.0 Mb, 0 hits in 0.00s
[offtarget]   NC_053523.1 — 0.0 Mb, 0 hits in 0.00s
[offtarget] Done. 0 total hits across 214 chroms in 1.6s → data/crispr_guides/offtargets_novel52_chicken_3mm.csv
        1.67 real         1.34 user         0.37 sys
          1264615424  maximum resident set size
                   0  average shared memory size
                   0  average unshared data size
                   0  average unshared stack size
               77395  page reclaims
                   0  page faults
                   0  swaps
                   0  block input operations
                   0  block output operations
                   0  messages sent
                   0  messages received
                   0  signals received
                  19  voluntary context switches
                4961  involuntary context switches
         24754915533  instructions retired
          6089737059  cycles elapsed
          1260160344  peak memory footprint
