[offtarget] Loaded 37 unique guides, max_mismatches=3
[offtarget] Guide index: 0 entries (37 fwd + RC), 0 seed buckets
[offtarget] Scanning reference genome: /Volumes/T9/loom-openscience/raw/pig/pig.fna
[offtarget] 613 chromosomes/contigs found
[offtarget]   NC_010443.5 — 261.6 Mb, 0 hits in 0.01s
[offtarget]   NC_010444.4 — 144.9 Mb, 0 hits in 0.00s
[offtarget]   NC_010445.4 — 126.7 Mb, 0 hits in 0.00s
[offtarget]   NC_010446.5 — 124.8 Mb, 0 hits in 0.00s
[offtarget]   NC_010447.5 — 99.7 Mb, 0 hits in 0.00s
[offtarget]   NC_010448.4 — 162.9 Mb, 0 hits in 0.01s
[offtarget]   NC_010449.5 — 116.2 Mb, 0 hits in 0.00s
[offtarget]   NC_010450.4 — 132.5 Mb, 0 hits in 0.00s
[offtarget]   NC_010451.4 — 133.0 Mb, 0 hits in 0.00s
[offtarget]   NC_010452.4 — 66.1 Mb, 0 hits in 0.00s
[offtarget]   NC_010453.5 — 75.5 Mb, 0 hits in 0.00s
[offtarget]   NC_010454.4 — 58.7 Mb, 0 hits in 0.00s
[offtarget]   NC_010455.5 — 198.7 Mb, 0 hits in 0.01s
[offtarget]   NC_010456.5 — 135.2 Mb, 0 hits in 0.01s
[offtarget]   NC_010457.5 — 133.9 Mb, 0 hits in 0.01s
[offtarget]   NC_010458.4 — 76.2 Mb, 0 hits in 0.00s
[offtarget]   NC_010459.5 — 60.6 Mb, 0 hits in 0.00s
[offtarget]   NC_010460.4 — 53.4 Mb, 0 hits in 0.00s
[offtarget]   NC_010461.5 — 120.1 Mb, 0 hits in 0.01s
[offtarget]   NC_010462.3 — 41.5 Mb, 0 hits in 0.00s
[offtarget]   NW_018084777.1 — 0.4 Mb, 0 hits in 0.00s
[offtarget]   NW_018084778.1 — 0.5 Mb, 0 hits in 0.00s
[offtarget]   NW_018084779.1 — 0.1 Mb, 0 hits in 0.00s
[offtarget]   NW_018084780.1 — 0.2 Mb, 0 hits in 0.00s
[offtarget]   NW_018084781.1 — 0.2 Mb, 0 hits in 0.00s
[offtarget]   NW_018084782.1 — 0.1 Mb, 0 hits in 0.00s
[offtarget]   NW_018084783.1 — 0.1 Mb, 0 hits in 0.00s
[offtarget]   NW_018084784.1 — 0.1 Mb, 0 hits in 0.00s
[offtarget]   NW_018084785.1 — 0.0 Mb, 0 hits in 0.00s
[offtarget]   NW_018084786.1 — 0.0 Mb, 0 hits in 0.00s
[offtarget]   NW_018084787.1 — 0.0 Mb, 0 hits in 0.00s
[offtarget]   NW_018084788.1 — 0.2 Mb, 0 hits in 0.00s
[offtarget]   NW_018084789.1 — 0.0 Mb, 0 hits in 0.00s
[offtarget]   NW_018084790.1 — 0.0 Mb, 0 hits in 0.00s
[offtarget]   NW_018084791.1 — 0.0 Mb, 0 hits in 0.00s
[offtarget]   NW_018084792.1 — 0.1 Mb, 0 hits in 0.00s
[offtarget]   NW_018084793.1 — 0.0 Mb, 0 hits in 0.00s
[offtarget]   NW_018084794.1 — 0.0 Mb, 0 hits in 0.00s
[offtarget]   NW_018084795.1 — 0.0 Mb, 0 hits in 0.00s
[offtarget]   NW_018084796.1 — 0.0 Mb, 0 hits in 0.00s
[offtarget]   NW_018084797.1 — 0.0 Mb, 0 hits in 0.00s
[offtarget]   NW_018084798.1 — 0.1 Mb, 0 hits in 0.00s
[offtarget]   NW_018084799.1 — 0.1 Mb, 0 hits in 0.00s
[offtarget]   NW_018084800.1 — 0.0 Mb, 0 hits in 0.00s
[offtarget]   NW_018084801.1 — 0.0 Mb, 0 hits in 0.00s
[offtarget]   NW_018084802.1 — 0.0 Mb, 0 hits in 0.00s
[offtarget]   NW_018084803.1 — 0.0 Mb, 0 hits in 0.00s
[offtarget]   NW_018084804.1 — 0.3 Mb, 0 hits in 0.00s
[offtarget]   NW_018084805.1 — 0.0 Mb, 0 hits in 0.00s
[offtarget]   NW_018084806.1 — 0.0 Mb, 0 hits in 0.00s
[offtarget]   NW_018084807.1 — 0.0 Mb, 0 hits in 0.00s
[offtarget]   NW_018084808.1 — 0.1 Mb, 0 hits in 0.00s
[offtarget]   NW_018084809.1 — 0.1 Mb, 0 hits in 0.00s
[offtarget]   NW_018084810.1 — 0.0 Mb, 0 hits in 0.00s
[offtarget]   NW_018084811.1 — 0.0 Mb, 0 hits in 0.00s
[offtarget]   NW_018084812.1 — 0.0 Mb, 0 hits in 0.00s
[offtarget]   NW_018084813.1 — 0.0 Mb, 0 hits in 0.00s
[offtarget]   NW_018084814.1 — 0.1 Mb, 0 hits in 0.00s
[offtarget]   NW_018084815.1 — 0.0 Mb, 0 hits in 0.00s
[offtarget]   NW_018084816.1 — 0.1 Mb, 0 hits in 0.00s
[offtarget]   NW_018084817.1 — 0.0 Mb, 0 hits in 0.00s
[offtarget]   NW_018084818.1 — 0.1 Mb, 0 hits in 0.00s
[offtarget]   NW_018084819.1 — 0.0 Mb, 0 hits in 0.00s
[offtarget]   NW_018084820.1 — 0.0 Mb, 0 hits in 0.00s
[offtarget]   NW_018084821.1 — 0.0 Mb, 0 hits in 0.00s
[offtarget]   NW_018084822.1 — 0.1 Mb, 0 hits in 0.00s
[offtarget]   NW_018084823.1 — 0.0 Mb, 0 hits in 0.00s
[offtarget]   NW_018084824.1 — 0.0 Mb, 0 hits in 0.00s
[offtarget]   NW_018084825.1 — 0.0 Mb, 0 hits in 0.00s
[offtarget]   NW_018084826.1 — 0.2 Mb, 0 hits in 0.00s
[offtarget]   NW_018084827.1 — 0.0 Mb, 0 hits in 0.00s
[offtarget]   NW_018084828.1 — 0.1 Mb, 0 hits in 0.00s
[offtarget]   NW_018084829.1 — 0.1 Mb, 0 hits in 0.00s
[offtarget]   NW_018084830.1 — 0.0 Mb, 0 hits in 0.00s
[offtarget]   NW_018084831.1 — 0.0 Mb, 0 hits in 0.00s
[offtarget]   NW_018084832.1 — 0.1 Mb, 0 hits in 0.00s
[offtarget]   NW_018084833.1 — 2.0 Mb, 0 hits in 0.00s
[offtarget]   NW_018084834.1 — 0.0 Mb, 0 hits in 0.00s
[offtarget]   NW_018084835.1 — 0.4 Mb, 0 hits in 0.00s
[offtarget]   NW_018084836.1 — 0.0 Mb, 0 hits in 0.00s
[offtarget]   NW_018084837.1 — 0.0 Mb, 0 hits in 0.00s
[offtarget]   NW_018084838.1 — 0.0 Mb, 0 hits in 0.00s
[offtarget]   NW_018084839.1 — 0.0 Mb, 0 hits in 0.00s
[offtarget]   NW_018084840.1 — 0.1 Mb, 0 hits in 0.00s
[offtarget]   NW_018084841.1 — 0.0 Mb, 0 hits in 0.00s
[offtarget]   NW_018084842.1 — 0.0 Mb, 0 hits in 0.00s
[offtarget]   NW_018084843.1 — 0.0 Mb, 0 hits in 0.00s
[offtarget]   NW_018084844.1 — 0.0 Mb, 0 hits in 0.00s
[offtarget]   NW_018084845.1 — 0.0 Mb, 0 hits in 0.00s
[offtarget]   NW_018084846.1 — 0.1 Mb, 0 hits in 0.00s
[offtarget]   NW_018084847.1 — 0.1 Mb, 0 hits in 0.00s
[offtarget]   NW_018084848.1 — 0.1 Mb, 0 hits in 0.00s
[offtarget]   NW_018084849.1 — 0.0 Mb, 0 hits in 0.00s
[offtarget]   NW_018084850.1 — 0.2 Mb, 0 hits in 0.00s
[offtarget]   NW_018084851.1 — 0.1 Mb, 0 hits in 0.00s
[offtarget]   NW_018084852.1 — 0.1 Mb, 0 hits in 0.00s
[offtarget]   NW_018084853.1 — 0.0 Mb, 0 hits in 0.00s
[offtarget]   NW_018084854.1 — 0.0 Mb, 0 hits in 0.00s
[offtarget]   NW_018084855.1 — 0.0 Mb, 0 hits in 0.00s
[offtarget]   NW_018084856.1 — 0.2 Mb, 0 hits in 0.00s
[offtarget]   NW_018084857.1 — 0.1 Mb, 0 hits in 0.00s
[offtarget]   NW_018084858.1 — 0.0 Mb, 0 hits in 0.00s
[offtarget]   NW_018084859.1 — 0.1 Mb, 0 hits in 0.00s
[offtarget]   NW_018084860.1 — 0.0 Mb, 0 hits in 0.00s
[offtarget]   NW_018084861.1 — 0.1 Mb, 0 hits in 0.00s
[offtarget]   NW_018084862.1 — 0.1 Mb, 0 hits in 0.00s
[offtarget]   NW_018084863.1 — 0.0 Mb, 0 hits in 0.00s
[offtarget]   NW_018084864.1 — 0.0 Mb, 0 hits in 0.00s
[offtarget]   NW_018084865.1 — 0.0 Mb, 0 hits in 0.00s
[offtarget]   NW_018084866.1 — 0.4 Mb, 0 hits in 0.00s
[offtarget]   NW_018084867.1 — 0.1 Mb, 0 hits in 0.00s
[offtarget]   NW_018084868.1 — 0.0 Mb, 0 hits in 0.00s
[offtarget]   NW_018084869.1 — 0.0 Mb, 0 hits in 0.00s
[offtarget]   NW_018084870.1 — 0.3 Mb, 0 hits in 0.00s
[offtarget]   NW_018084871.1 — 0.0 Mb, 0 hits in 0.00s
[offtarget]   NW_018084872.1 — 0.1 Mb, 0 hits in 0.00s
[offtarget]   NW_018084873.1 — 0.0 Mb, 0 hits in 0.00s
[offtarget]   NW_018084874.1 — 0.9 Mb, 0 hits in 0.00s
[offtarget]   NW_018084875.1 — 0.0 Mb, 0 hits in 0.00s
[offtarget]   NW_018084876.1 — 0.0 Mb, 0 hits in 0.00s
[offtarget]   NW_018084877.1 — 0.0 Mb, 0 hits in 0.00s
[offtarget]   NW_018084878.1 — 0.1 Mb, 0 hits in 0.00s
[offtarget]   NW_018084879.1 — 0.0 Mb, 0 hits in 0.00s
[offtarget]   NW_018084880.1 — 0.0 Mb, 0 hits in 0.00s
[offtarget]   NW_018084881.1 — 0.0 Mb, 0 hits in 0.00s
[offtarget]   NW_018084882.1 — 0.1 Mb, 0 hits in 0.00s
[offtarget]   NW_018084883.1 — 0.0 Mb, 0 hits in 0.00s
[offtarget]   NW_018084884.1 — 0.1 Mb, 0 hits in 0.00s
[offtarget]   NW_018084885.1 — 0.1 Mb, 0 hits in 0.00s
[offtarget]   NW_018084886.1 — 0.0 Mb, 0 hits in 0.00s
[offtarget]   NW_018084887.1 — 0.1 Mb, 0 hits in 0.00s
[offtarget]   NW_018084888.1 — 0.0 Mb, 0 hits in 0.00s
[offtarget]   NW_018084889.1 — 0.1 Mb, 0 hits in 0.00s
[offtarget]   NW_018084890.1 — 0.0 Mb, 0 hits in 0.00s
[offtarget]   NW_018084891.1 — 0.1 Mb, 0 hits in 0.00s
[offtarget]   NW_018084892.1 — 0.0 Mb, 0 hits in 0.00s
[offtarget]   NW_018084893.1 — 0.1 Mb, 0 hits in 0.00s
[offtarget]   NW_018084894.1 — 0.0 Mb, 0 hits in 0.00s
[offtarget]   NW_018084895.1 — 0.1 Mb, 0 hits in 0.00s
[offtarget]   NW_018084896.1 — 0.1 Mb, 0 hits in 0.00s
[offtarget]   NW_018084897.1 — 0.0 Mb, 0 hits in 0.00s
[offtarget]   NW_018084898.1 — 0.0 Mb, 0 hits in 0.00s
[offtarget]   NW_018084899.1 — 0.0 Mb, 0 hits in 0.00s
[offtarget]   NW_018084900.1 — 0.1 Mb, 0 hits in 0.00s
[offtarget]   NW_018084901.1 — 1.1 Mb, 0 hits in 0.00s
[offtarget]   NW_018084902.1 — 0.0 Mb, 0 hits in 0.00s
[offtarget]   NW_018084903.1 — 0.0 Mb, 0 hits in 0.00s
[offtarget]   NW_018084904.1 — 0.0 Mb, 0 hits in 0.00s
[offtarget]   NW_018084905.1 — 0.0 Mb, 0 hits in 0.00s
[offtarget]   NW_018084906.1 — 0.1 Mb, 0 hits in 0.00s
[offtarget]   NW_018084907.1 — 0.0 Mb, 0 hits in 0.00s
[offtarget]   NW_018084908.1 — 0.4 Mb, 0 hits in 0.00s
[offtarget]   NW_018084909.1 — 0.0 Mb, 0 hits in 0.00s
[offtarget]   NW_018084910.1 — 0.0 Mb, 0 hits in 0.00s
[offtarget]   NW_018084911.1 — 0.0 Mb, 0 hits in 0.00s
[offtarget]   NW_018084912.1 — 0.0 Mb, 0 hits in 0.00s
[offtarget]   NW_018084913.1 — 0.2 Mb, 0 hits in 0.00s
[offtarget]   NW_018084914.1 — 0.0 Mb, 0 hits in 0.00s
[offtarget]   NW_018084915.1 — 0.2 Mb, 0 hits in 0.00s
[offtarget]   NW_018084916.1 — 0.0 Mb, 0 hits in 0.00s
[offtarget]   NW_018084917.1 — 0.0 Mb, 0 hits in 0.00s
[offtarget]   NW_018084918.1 — 0.0 Mb, 0 hits in 0.00s
[offtarget]   NW_018084919.1 — 0.0 Mb, 0 hits in 0.00s
[offtarget]   NW_018084920.1 — 0.2 Mb, 0 hits in 0.00s
[offtarget]   NW_018084921.1 — 0.0 Mb, 0 hits in 0.00s
[offtarget]   NW_018084922.1 — 0.1 Mb, 0 hits in 0.00s
[offtarget]   NW_018084923.1 — 0.0 Mb, 0 hits in 0.00s
[offtarget]   NW_018084924.1 — 0.1 Mb, 0 hits in 0.00s
[offtarget]   NW_018084925.1 — 0.1 Mb, 0 hits in 0.00s
[offtarget]   NW_018084926.1 — 0.0 Mb, 0 hits in 0.00s
[offtarget]   NW_018084927.1 — 0.0 Mb, 0 hits in 0.00s
[offtarget]   NW_018084928.1 — 0.0 Mb, 0 hits in 0.00s
[offtarget]   NW_018084929.1 — 0.1 Mb, 0 hits in 0.00s
[offtarget]   NW_018084930.1 — 0.0 Mb, 0 hits in 0.00s
[offtarget]   NW_018084931.1 — 0.1 Mb, 0 hits in 0.00s
[offtarget]   NW_018084932.1 — 0.1 Mb, 0 hits in 0.00s
[offtarget]   NW_018084933.1 — 0.0 Mb, 0 hits in 0.00s
[offtarget]   NW_018084934.1 — 0.0 Mb, 0 hits in 0.00s
[offtarget]   NW_018084935.1 — 0.0 Mb, 0 hits in 0.00s
[offtarget]   NW_018084936.1 — 0.0 Mb, 0 hits in 0.00s
[offtarget]   NW_018084937.1 — 0.0 Mb, 0 hits in 0.00s
[offtarget]   NW_018084938.1 — 0.4 Mb, 0 hits in 0.00s
[offtarget]   NW_018084939.1 — 0.0 Mb, 0 hits in 0.00s
[offtarget]   NW_018084940.1 — 0.2 Mb, 0 hits in 0.00s
[offtarget]   NW_018084941.1 — 0.0 Mb, 0 hits in 0.00s
[offtarget]   NW_018084942.1 — 0.0 Mb, 0 hits in 0.00s
[offtarget]   NW_018084943.1 — 0.0 Mb, 0 hits in 0.00s
[offtarget]   NW_018084944.1 — 0.0 Mb, 0 hits in 0.00s
[offtarget]   NW_018084945.1 — 0.0 Mb, 0 hits in 0.00s
[offtarget]   NW_018084946.1 — 0.1 Mb, 0 hits in 0.00s
[offtarget]   NW_018084947.1 — 0.1 Mb, 0 hits in 0.00s
[offtarget]   NW_018084948.1 — 0.0 Mb, 0 hits in 0.00s
[offtarget]   NW_018084949.1 — 0.1 Mb, 0 hits in 0.00s
[offtarget]   NW_018084950.1 — 0.0 Mb, 0 hits in 0.00s
[offtarget]   NW_018084951.1 — 0.0 Mb, 0 hits in 0.00s
[offtarget]   NW_018084952.1 — 0.1 Mb, 0 hits in 0.00s
[offtarget]   NW_018084953.1 — 0.1 Mb, 0 hits in 0.00s
[offtarget]   NW_018084954.1 — 0.4 Mb, 0 hits in 0.00s
[offtarget]   NW_018084955.1 — 0.0 Mb, 0 hits in 0.00s
[offtarget]   NW_018084956.1 — 0.1 Mb, 0 hits in 0.00s
[offtarget]   NW_018084957.1 — 0.0 Mb, 0 hits in 0.00s
[offtarget]   NW_018084958.1 — 0.0 Mb, 0 hits in 0.00s
[offtarget]   NW_018084959.1 — 0.0 Mb, 0 hits in 0.00s
[offtarget]   NW_018084960.1 — 0.0 Mb, 0 hits in 0.00s
[offtarget]   NW_018084961.1 — 0.1 Mb, 0 hits in 0.00s
[offtarget]   NW_018084962.1 — 0.0 Mb, 0 hits in 0.00s
[offtarget]   NW_018084963.1 — 0.0 Mb, 0 hits in 0.00s
[offtarget]   NW_018084964.1 — 0.0 Mb, 0 hits in 0.00s
[offtarget]   NW_018084965.1 — 0.0 Mb, 0 hits in 0.00s
[offtarget]   NW_018084966.1 — 0.0 Mb, 0 hits in 0.00s
[offtarget]   NW_018084967.1 — 0.0 Mb, 0 hits in 0.00s
[offtarget]   NW_018084968.1 — 2.0 Mb, 0 hits in 0.00s
[offtarget]   NW_018084969.1 — 0.0 Mb, 0 hits in 0.00s
[offtarget]   NW_018084970.1 — 0.0 Mb, 0 hits in 0.00s
[offtarget]   NW_018084971.1 — 0.0 Mb, 0 hits in 0.00s
[offtarget]   NW_018084972.1 — 0.0 Mb, 0 hits in 0.00s
[offtarget]   NW_018084973.1 — 0.1 Mb, 0 hits in 0.00s
[offtarget]   NW_018084974.1 — 0.0 Mb, 0 hits in 0.00s
[offtarget]   NW_018084975.1 — 0.1 Mb, 0 hits in 0.00s
[offtarget]   NW_018084976.1 — 0.0 Mb, 0 hits in 0.00s
[offtarget]   NW_018084977.1 — 0.0 Mb, 0 hits in 0.00s
[offtarget]   NW_018084978.1 — 0.1 Mb, 0 hits in 0.00s
[offtarget]   NW_018084979.1 — 3.7 Mb, 0 hits in 0.00s
[offtarget]   NW_018084980.1 — 0.0 Mb, 0 hits in 0.00s
[offtarget]   NW_018084981.1 — 0.0 Mb, 0 hits in 0.00s
[offtarget]   NW_018084982.1 — 0.0 Mb, 0 hits in 0.00s
[offtarget]   NW_018084983.1 — 0.0 Mb, 0 hits in 0.00s
[offtarget]   NW_018084984.1 — 0.0 Mb, 0 hits in 0.00s
[offtarget]   NW_018084985.1 — 0.1 Mb, 0 hits in 0.00s
[offtarget]   NW_018084986.1 — 0.1 Mb, 0 hits in 0.00s
[offtarget]   NW_018084987.1 — 0.1 Mb, 0 hits in 0.00s
[offtarget]   NW_018084988.1 — 0.0 Mb, 0 hits in 0.00s
[offtarget]   NW_018084989.1 — 0.2 Mb, 0 hits in 0.00s
[offtarget]   NW_018084990.1 — 0.0 Mb, 0 hits in 0.00s
[offtarget]   NW_018084991.1 — 0.0 Mb, 0 hits in 0.00s
[offtarget]   NW_018084992.1 — 0.1 Mb, 0 hits in 0.00s
[offtarget]   NW_018084993.1 — 0.2 Mb, 0 hits in 0.00s
[offtarget]   NW_018084994.1 — 0.0 Mb, 0 hits in 0.00s
[offtarget]   NW_018084995.1 — 0.1 Mb, 0 hits in 0.00s
[offtarget]   NW_018084996.1 — 0.0 Mb, 0 hits in 0.00s
[offtarget]   NW_018084997.1 — 0.0 Mb, 0 hits in 0.00s
[offtarget]   NW_018084998.1 — 0.2 Mb, 0 hits in 0.00s
[offtarget]   NW_018084999.1 — 0.1 Mb, 0 hits in 0.00s
[offtarget]   NW_018085000.1 — 0.0 Mb, 0 hits in 0.00s
[offtarget]   NW_018085001.1 — 0.0 Mb, 0 hits in 0.00s
[offtarget]   NW_018085002.1 — 0.0 Mb, 0 hits in 0.00s
[offtarget]   NW_018085003.1 — 0.0 Mb, 0 hits in 0.00s
[offtarget]   NW_018085004.1 — 1.2 Mb, 0 hits in 0.00s
[offtarget]   NW_018085005.1 — 0.1 Mb, 0 hits in 0.00s
[offtarget]   NW_018085006.1 — 0.1 Mb, 0 hits in 0.00s
[offtarget]   NW_018085007.1 — 0.1 Mb, 0 hits in 0.00s
[offtarget]   NW_018085008.1 — 0.0 Mb, 0 hits in 0.00s
[offtarget]   NW_018085009.1 — 0.1 Mb, 0 hits in 0.00s
[offtarget]   NW_018085010.1 — 0.0 Mb, 0 hits in 0.00s
[offtarget]   NW_018085011.1 — 0.1 Mb, 0 hits in 0.00s
[offtarget]   NW_018085012.1 — 0.0 Mb, 0 hits in 0.00s
[offtarget]   NW_018085013.1 — 0.0 Mb, 0 hits in 0.00s
[offtarget]   NW_018085014.1 — 0.0 Mb, 0 hits in 0.00s
[offtarget]   NW_018085015.1 — 0.0 Mb, 0 hits in 0.00s
[offtarget]   NW_018085016.1 — 0.0 Mb, 0 hits in 0.00s
[offtarget]   NW_018085017.1 — 0.2 Mb, 0 hits in 0.00s
[offtarget]   NW_018085018.1 — 0.4 Mb, 0 hits in 0.00s
[offtarget]   NW_018085019.1 — 0.0 Mb, 0 hits in 0.00s
[offtarget]   NW_018085020.1 — 0.0 Mb, 0 hits in 0.00s
[offtarget]   NW_018085021.1 — 0.0 Mb, 0 hits in 0.00s
[offtarget]   NW_018085022.1 — 0.1 Mb, 0 hits in 0.00s
[offtarget]   NW_018085023.1 — 0.0 Mb, 0 hits in 0.00s
[offtarget]   NW_018085024.1 — 0.1 Mb, 0 hits in 0.00s
[offtarget]   NW_018085025.1 — 0.2 Mb, 0 hits in 0.00s
[offtarget]   NW_018085026.1 — 0.0 Mb, 0 hits in 0.00s
[offtarget]   NW_018085027.1 — 0.0 Mb, 0 hits in 0.00s
[offtarget]   NW_018085028.1 — 0.0 Mb, 0 hits in 0.00s
[offtarget]   NW_018085029.1 — 0.0 Mb, 0 hits in 0.00s
[offtarget]   NW_018085030.1 — 0.0 Mb, 0 hits in 0.00s
[offtarget]   NW_018085031.1 — 0.0 Mb, 0 hits in 0.00s
[offtarget]   NW_018085032.1 — 0.0 Mb, 0 hits in 0.00s
[offtarget]   NW_018085033.1 — 0.0 Mb, 0 hits in 0.00s
[offtarget]   NW_018085034.1 — 0.0 Mb, 0 hits in 0.00s
[offtarget]   NW_018085035.1 — 0.0 Mb, 0 hits in 0.00s
[offtarget]   NW_018085036.1 — 0.0 Mb, 0 hits in 0.00s
[offtarget]   NW_018085037.1 — 0.1 Mb, 0 hits in 0.00s
[offtarget]   NW_018085038.1 — 0.1 Mb, 0 hits in 0.00s
[offtarget]   NW_018085039.1 — 0.1 Mb, 0 hits in 0.00s
[offtarget]   NW_018085040.1 — 0.1 Mb, 0 hits in 0.00s
[offtarget]   NW_018085041.1 — 0.0 Mb, 0 hits in 0.00s
[offtarget]   NW_018085042.1 — 0.0 Mb, 0 hits in 0.00s
[offtarget]   NW_018085043.1 — 0.0 Mb, 0 hits in 0.00s
[offtarget]   NW_018085044.1 — 0.0 Mb, 0 hits in 0.00s
[offtarget]   NW_018085045.1 — 0.1 Mb, 0 hits in 0.00s
[offtarget]   NW_018085046.1 — 0.0 Mb, 0 hits in 0.00s
[offtarget]   NW_018085047.1 — 0.0 Mb, 0 hits in 0.00s
[offtarget]   NW_018085048.1 — 0.1 Mb, 0 hits in 0.00s
[offtarget]   NW_018085049.1 — 0.0 Mb, 0 hits in 0.00s
[offtarget]   NW_018085050.1 — 0.3 Mb, 0 hits in 0.00s
[offtarget]   NW_018085051.1 — 0.1 Mb, 0 hits in 0.00s
[offtarget]   NW_018085052.1 — 0.0 Mb, 0 hits in 0.00s
[offtarget]   NW_018085053.1 — 0.1 Mb, 0 hits in 0.00s
[offtarget]   NW_018085054.1 — 0.0 Mb, 0 hits in 0.00s
[offtarget]   NW_018085055.1 — 0.0 Mb, 0 hits in 0.00s
[offtarget]   NW_018085056.1 — 0.1 Mb, 0 hits in 0.00s
[offtarget]   NW_018085057.1 — 0.0 Mb, 0 hits in 0.00s
[offtarget]   NW_018085058.1 — 0.3 Mb, 0 hits in 0.00s
[offtarget]   NW_018085059.1 — 0.0 Mb, 0 hits in 0.00s
[offtarget]   NW_018085060.1 — 0.0 Mb, 0 hits in 0.00s
[offtarget]   NW_018085061.1 — 0.0 Mb, 0 hits in 0.00s
[offtarget]   NW_018085062.1 — 0.1 Mb, 0 hits in 0.00s
[offtarget]   NW_018085063.1 — 0.0 Mb, 0 hits in 0.00s
[offtarget]   NW_018085064.1 — 0.0 Mb, 0 hits in 0.00s
[offtarget]   NW_018085065.1 — 0.1 Mb, 0 hits in 0.00s
[offtarget]   NW_018085066.1 — 0.1 Mb, 0 hits in 0.00s
[offtarget]   NW_018085067.1 — 0.0 Mb, 0 hits in 0.00s
[offtarget]   NW_018085068.1 — 0.0 Mb, 0 hits in 0.00s
[offtarget]   NW_018085069.1 — 0.0 Mb, 0 hits in 0.00s
[offtarget]   NW_018085070.1 — 0.1 Mb, 0 hits in 0.00s
[offtarget]   NW_018085071.1 — 0.1 Mb, 0 hits in 0.00s
[offtarget]   NW_018085072.1 — 0.2 Mb, 0 hits in 0.00s
[offtarget]   NW_018085073.1 — 0.0 Mb, 0 hits in 0.00s
[offtarget]   NW_018085074.1 — 0.0 Mb, 0 hits in 0.00s
[offtarget]   NW_018085075.1 — 0.1 Mb, 0 hits in 0.00s
[offtarget]   NW_018085076.1 — 0.1 Mb, 0 hits in 0.00s
[offtarget]   NW_018085077.1 — 0.0 Mb, 0 hits in 0.00s
[offtarget]   NW_018085078.1 — 0.1 Mb, 0 hits in 0.00s
[offtarget]   NW_018085079.1 — 0.1 Mb, 0 hits in 0.00s
[offtarget]   NW_018085080.1 — 0.1 Mb, 0 hits in 0.00s
[offtarget]   NW_018085081.1 — 0.0 Mb, 0 hits in 0.00s
[offtarget]   NW_018085082.1 — 0.1 Mb, 0 hits in 0.00s
[offtarget]   NW_018085083.1 — 0.1 Mb, 0 hits in 0.00s
[offtarget]   NW_018085084.1 — 0.1 Mb, 0 hits in 0.00s
[offtarget]   NW_018085085.1 — 0.1 Mb, 0 hits in 0.00s
[offtarget]   NW_018085086.1 — 0.1 Mb, 0 hits in 0.00s
[offtarget]   NW_018085087.1 — 0.1 Mb, 0 hits in 0.00s
[offtarget]   NW_018085088.1 — 0.1 Mb, 0 hits in 0.00s
[offtarget]   NW_018085089.1 — 0.0 Mb, 0 hits in 0.00s
[offtarget]   NW_018085090.1 — 0.4 Mb, 0 hits in 0.00s
[offtarget]   NW_018085091.1 — 0.0 Mb, 0 hits in 0.00s
[offtarget]   NW_018085092.1 — 0.1 Mb, 0 hits in 0.00s
[offtarget]   NW_018085093.1 — 0.1 Mb, 0 hits in 0.00s
[offtarget]   NW_018085094.1 — 0.4 Mb, 0 hits in 0.00s
[offtarget]   NW_018085095.1 — 0.1 Mb, 0 hits in 0.00s
[offtarget]   NW_018085096.1 — 0.1 Mb, 0 hits in 0.00s
[offtarget]   NW_018085097.1 — 0.0 Mb, 0 hits in 0.00s
[offtarget]   NW_018085098.1 — 0.0 Mb, 0 hits in 0.00s
[offtarget]   NW_018085099.1 — 0.0 Mb, 0 hits in 0.00s
[offtarget]   NW_018085100.1 — 2.5 Mb, 0 hits in 0.00s
[offtarget]   NW_018085101.1 — 0.0 Mb, 0 hits in 0.00s
[offtarget]   NW_018085102.1 — 0.0 Mb, 0 hits in 0.00s
[offtarget]   NW_018085103.1 — 0.1 Mb, 0 hits in 0.00s
[offtarget]   NW_018085104.1 — 0.0 Mb, 0 hits in 0.00s
[offtarget]   NW_018085105.1 — 0.0 Mb, 0 hits in 0.00s
[offtarget]   NW_018085106.1 — 0.0 Mb, 0 hits in 0.00s
[offtarget]   NW_018085107.1 — 0.1 Mb, 0 hits in 0.00s
[offtarget]   NW_018085108.1 — 0.0 Mb, 0 hits in 0.00s
[offtarget]   NW_018085109.1 — 0.0 Mb, 0 hits in 0.00s
[offtarget]   NW_018085110.1 — 0.0 Mb, 0 hits in 0.00s
[offtarget]   NW_018085111.1 — 0.4 Mb, 0 hits in 0.00s
[offtarget]   NW_018085112.1 — 0.1 Mb, 0 hits in 0.00s
[offtarget]   NW_018085113.1 — 0.1 Mb, 0 hits in 0.00s
[offtarget]   NW_018085114.1 — 0.0 Mb, 0 hits in 0.00s
[offtarget]   NW_018085115.1 — 0.0 Mb, 0 hits in 0.00s
[offtarget]   NW_018085116.1 — 0.1 Mb, 0 hits in 0.00s
[offtarget]   NW_018085117.1 — 0.1 Mb, 0 hits in 0.00s
[offtarget]   NW_018085118.1 — 0.0 Mb, 0 hits in 0.00s
[offtarget]   NW_018085119.1 — 0.0 Mb, 0 hits in 0.00s
[offtarget]   NW_018085120.1 — 0.0 Mb, 0 hits in 0.00s
[offtarget]   NW_018085121.1 — 0.0 Mb, 0 hits in 0.00s
[offtarget]   NW_018085122.1 — 0.2 Mb, 0 hits in 0.00s
[offtarget]   NW_018085123.1 — 0.1 Mb, 0 hits in 0.00s
[offtarget]   NW_018085124.1 — 0.0 Mb, 0 hits in 0.00s
[offtarget]   NW_018085125.1 — 0.1 Mb, 0 hits in 0.00s
[offtarget]   NW_018085126.1 — 0.0 Mb, 0 hits in 0.00s
[offtarget]   NW_018085127.1 — 0.1 Mb, 0 hits in 0.00s
[offtarget]   NW_018085128.1 — 0.0 Mb, 0 hits in 0.00s
[offtarget]   NW_018085129.1 — 0.1 Mb, 0 hits in 0.00s
[offtarget]   NW_018085130.1 — 0.0 Mb, 0 hits in 0.00s
[offtarget]   NW_018085131.1 — 0.0 Mb, 0 hits in 0.00s
[offtarget]   NW_018085132.1 — 0.1 Mb, 0 hits in 0.00s
[offtarget]   NW_018085133.1 — 0.0 Mb, 0 hits in 0.00s
[offtarget]   NW_018085134.1 — 0.1 Mb, 0 hits in 0.00s
[offtarget]   NW_018085135.1 — 0.0 Mb, 0 hits in 0.00s
[offtarget]   NW_018085136.1 — 0.6 Mb, 0 hits in 0.00s
[offtarget]   NW_018085137.1 — 0.0 Mb, 0 hits in 0.00s
[offtarget]   NW_018085138.1 — 0.0 Mb, 0 hits in 0.00s
[offtarget]   NW_018085139.1 — 0.0 Mb, 0 hits in 0.00s
[offtarget]   NW_018085140.1 — 0.0 Mb, 0 hits in 0.00s
[offtarget]   NW_018085141.1 — 0.1 Mb, 0 hits in 0.00s
[offtarget]   NW_018085142.1 — 0.1 Mb, 0 hits in 0.00s
[offtarget]   NW_018085143.1 — 0.0 Mb, 0 hits in 0.00s
[offtarget]   NW_018085144.1 — 0.0 Mb, 0 hits in 0.00s
[offtarget]   NW_018085145.1 — 0.2 Mb, 0 hits in 0.00s
[offtarget]   NW_018085146.1 — 0.1 Mb, 0 hits in 0.00s
[offtarget]   NW_018085147.1 — 0.1 Mb, 0 hits in 0.00s
[offtarget]   NW_018085148.1 — 0.1 Mb, 0 hits in 0.00s
[offtarget]   NW_018085149.1 — 0.0 Mb, 0 hits in 0.00s
[offtarget]   NW_018085150.1 — 0.1 Mb, 0 hits in 0.00s
[offtarget]   NW_018085151.1 — 0.0 Mb, 0 hits in 0.00s
[offtarget]   NW_018085152.1 — 0.1 Mb, 0 hits in 0.00s
[offtarget]   NW_018085153.1 — 0.0 Mb, 0 hits in 0.00s
[offtarget]   NW_018085154.1 — 0.0 Mb, 0 hits in 0.00s
[offtarget]   NW_018085155.1 — 0.1 Mb, 0 hits in 0.00s
[offtarget]   NW_018085156.1 — 0.0 Mb, 0 hits in 0.00s
[offtarget]   NW_018085157.1 — 0.1 Mb, 0 hits in 0.00s
[offtarget]   NW_018085158.1 — 0.0 Mb, 0 hits in 0.00s
[offtarget]   NW_018085159.1 — 0.0 Mb, 0 hits in 0.00s
[offtarget]   NW_018085160.1 — 0.1 Mb, 0 hits in 0.00s
[offtarget]   NW_018085161.1 — 0.0 Mb, 0 hits in 0.00s
[offtarget]   NW_018085162.1 — 0.1 Mb, 0 hits in 0.00s
[offtarget]   NW_018085163.1 — 0.0 Mb, 0 hits in 0.00s
[offtarget]   NW_018085164.1 — 0.0 Mb, 0 hits in 0.00s
[offtarget]   NW_018085165.1 — 0.1 Mb, 0 hits in 0.00s
[offtarget]   NW_018085166.1 — 0.0 Mb, 0 hits in 0.00s
[offtarget]   NW_018085167.1 — 0.1 Mb, 0 hits in 0.00s
[offtarget]   NW_018085168.1 — 0.1 Mb, 0 hits in 0.00s
[offtarget]   NW_018085169.1 — 0.3 Mb, 0 hits in 0.00s
[offtarget]   NW_018085170.1 — 0.0 Mb, 0 hits in 0.00s
[offtarget]   NW_018085171.1 — 0.1 Mb, 0 hits in 0.00s
[offtarget]   NW_018085172.1 — 0.0 Mb, 0 hits in 0.00s
[offtarget]   NW_018085173.1 — 0.0 Mb, 0 hits in 0.00s
[offtarget]   NW_018085174.1 — 0.1 Mb, 0 hits in 0.00s
[offtarget]   NW_018085175.1 — 0.1 Mb, 0 hits in 0.00s
[offtarget]   NW_018085176.1 — 0.1 Mb, 0 hits in 0.00s
[offtarget]   NW_018085177.1 — 0.0 Mb, 0 hits in 0.00s
[offtarget]   NW_018085178.1 — 0.1 Mb, 0 hits in 0.00s
[offtarget]   NW_018085179.1 — 0.0 Mb, 0 hits in 0.00s
[offtarget]   NW_018085180.1 — 0.0 Mb, 0 hits in 0.00s
[offtarget]   NW_018085181.1 — 0.1 Mb, 0 hits in 0.00s
[offtarget]   NW_018085182.1 — 0.2 Mb, 0 hits in 0.00s
[offtarget]   NW_018085183.1 — 0.1 Mb, 0 hits in 0.00s
[offtarget]   NW_018085184.1 — 0.0 Mb, 0 hits in 0.00s
[offtarget]   NW_018085185.1 — 0.0 Mb, 0 hits in 0.00s
[offtarget]   NW_018085186.1 — 0.1 Mb, 0 hits in 0.00s
[offtarget]   NW_018085187.1 — 0.0 Mb, 0 hits in 0.00s
[offtarget]   NW_018085188.1 — 0.1 Mb, 0 hits in 0.00s
[offtarget]   NW_018085189.1 — 0.1 Mb, 0 hits in 0.00s
[offtarget]   NW_018085190.1 — 0.2 Mb, 0 hits in 0.00s
[offtarget]   NW_018085191.1 — 0.1 Mb, 0 hits in 0.00s
[offtarget]   NW_018085192.1 — 0.0 Mb, 0 hits in 0.00s
[offtarget]   NW_018085193.1 — 0.0 Mb, 0 hits in 0.00s
[offtarget]   NW_018085194.1 — 0.4 Mb, 0 hits in 0.00s
[offtarget]   NW_018085195.1 — 0.0 Mb, 0 hits in 0.00s
[offtarget]   NW_018085196.1 — 0.1 Mb, 0 hits in 0.00s
[offtarget]   NW_018085197.1 — 0.2 Mb, 0 hits in 0.00s
[offtarget]   NW_018085198.1 — 0.3 Mb, 0 hits in 0.00s
[offtarget]   NW_018085199.1 — 0.0 Mb, 0 hits in 0.00s
[offtarget]   NW_018085200.1 — 1.1 Mb, 0 hits in 0.00s
[offtarget]   NW_018085201.1 — 0.0 Mb, 0 hits in 0.00s
[offtarget]   NW_018085202.1 — 0.0 Mb, 0 hits in 0.00s
[offtarget]   NW_018085203.1 — 0.0 Mb, 0 hits in 0.00s
[offtarget]   NW_018085204.1 — 0.0 Mb, 0 hits in 0.00s
[offtarget]   NW_018085205.1 — 0.3 Mb, 0 hits in 0.00s
[offtarget]   NW_018085206.1 — 0.1 Mb, 0 hits in 0.00s
[offtarget]   NW_018085207.1 — 0.1 Mb, 0 hits in 0.00s
[offtarget]   NW_018085208.1 — 0.1 Mb, 0 hits in 0.00s
[offtarget]   NW_018085209.1 — 0.1 Mb, 0 hits in 0.00s
[offtarget]   NW_018085210.1 — 0.0 Mb, 0 hits in 0.00s
[offtarget]   NW_018085211.1 — 0.1 Mb, 0 hits in 0.00s
[offtarget]   NW_018085212.1 — 0.0 Mb, 0 hits in 0.00s
[offtarget]   NW_018085213.1 — 0.1 Mb, 0 hits in 0.00s
[offtarget]   NW_018085214.1 — 0.1 Mb, 0 hits in 0.00s
[offtarget]   NW_018085215.1 — 0.0 Mb, 0 hits in 0.00s
[offtarget]   NW_018085216.1 — 0.0 Mb, 0 hits in 0.00s
[offtarget]   NW_018085217.1 — 0.0 Mb, 0 hits in 0.00s
[offtarget]   NW_018085218.1 — 0.0 Mb, 0 hits in 0.00s
[offtarget]   NW_018085219.1 — 0.3 Mb, 0 hits in 0.00s
[offtarget]   NW_018085220.1 — 0.0 Mb, 0 hits in 0.00s
[offtarget]   NW_018085221.1 — 0.1 Mb, 0 hits in 0.00s
[offtarget]   NW_018085222.1 — 0.0 Mb, 0 hits in 0.00s
[offtarget]   NW_018085223.1 — 0.2 Mb, 0 hits in 0.00s
[offtarget]   NW_018085224.1 — 0.0 Mb, 0 hits in 0.00s
[offtarget]   NW_018085225.1 — 0.1 Mb, 0 hits in 0.00s
[offtarget]   NW_018085226.1 — 0.2 Mb, 0 hits in 0.00s
[offtarget]   NW_018085227.1 — 0.3 Mb, 0 hits in 0.00s
[offtarget]   NW_018085228.1 — 0.0 Mb, 0 hits in 0.00s
[offtarget]   NW_018085229.1 — 0.0 Mb, 0 hits in 0.00s
[offtarget]   NW_018085230.1 — 0.2 Mb, 0 hits in 0.00s
[offtarget]   NW_018085231.1 — 0.1 Mb, 0 hits in 0.00s
[offtarget]   NW_018085232.1 — 0.1 Mb, 0 hits in 0.00s
[offtarget]   NW_018085233.1 — 0.1 Mb, 0 hits in 0.00s
[offtarget]   NW_018085234.1 — 0.0 Mb, 0 hits in 0.00s
[offtarget]   NW_018085235.1 — 0.4 Mb, 0 hits in 0.00s
[offtarget]   NW_018085236.1 — 0.1 Mb, 0 hits in 0.00s
[offtarget]   NW_018085237.1 — 1.4 Mb, 0 hits in 0.00s
[offtarget]   NW_018085238.1 — 0.0 Mb, 0 hits in 0.00s
[offtarget]   NW_018085239.1 — 0.1 Mb, 0 hits in 0.00s
[offtarget]   NW_018085240.1 — 0.1 Mb, 0 hits in 0.00s
[offtarget]   NW_018085241.1 — 0.0 Mb, 0 hits in 0.00s
[offtarget]   NW_018085242.1 — 0.0 Mb, 0 hits in 0.00s
[offtarget]   NW_018085243.1 — 0.2 Mb, 0 hits in 0.00s
[offtarget]   NW_018085244.1 — 0.0 Mb, 0 hits in 0.00s
[offtarget]   NW_018085245.1 — 0.1 Mb, 0 hits in 0.00s
[offtarget]   NW_018085246.1 — 0.3 Mb, 0 hits in 0.00s
[offtarget]   NW_018085247.1 — 0.0 Mb, 0 hits in 0.00s
[offtarget]   NW_018085248.1 — 0.2 Mb, 0 hits in 0.00s
[offtarget]   NW_018085249.1 — 0.1 Mb, 0 hits in 0.00s
[offtarget]   NW_018085250.1 — 0.1 Mb, 0 hits in 0.00s
[offtarget]   NW_018085251.1 — 0.0 Mb, 0 hits in 0.00s
[offtarget]   NW_018085252.1 — 0.0 Mb, 0 hits in 0.00s
[offtarget]   NW_018085253.1 — 0.0 Mb, 0 hits in 0.00s
[offtarget]   NW_018085254.1 — 0.4 Mb, 0 hits in 0.00s
[offtarget]   NW_018085255.1 — 0.1 Mb, 0 hits in 0.00s
[offtarget]   NW_018085256.1 — 0.0 Mb, 0 hits in 0.00s
[offtarget]   NW_018085257.1 — 2.0 Mb, 0 hits in 0.00s
[offtarget]   NW_018085258.1 — 0.0 Mb, 0 hits in 0.00s
[offtarget]   NW_018085259.1 — 0.1 Mb, 0 hits in 0.00s
[offtarget]   NW_018085260.1 — 0.1 Mb, 0 hits in 0.00s
[offtarget]   NW_018085261.1 — 0.0 Mb, 0 hits in 0.00s
[offtarget]   NW_018085262.1 — 0.1 Mb, 0 hits in 0.00s
[offtarget]   NW_018085263.1 — 0.0 Mb, 0 hits in 0.00s
[offtarget]   NW_018085264.1 — 0.2 Mb, 0 hits in 0.00s
[offtarget]   NW_018085265.1 — 0.0 Mb, 0 hits in 0.00s
[offtarget]   NW_018085266.1 — 0.0 Mb, 0 hits in 0.00s
[offtarget]   NW_018085267.1 — 0.0 Mb, 0 hits in 0.00s
[offtarget]   NW_018085268.1 — 0.3 Mb, 0 hits in 0.00s
[offtarget]   NW_018085269.1 — 0.1 Mb, 0 hits in 0.00s
[offtarget]   NW_018085270.1 — 0.1 Mb, 0 hits in 0.00s
[offtarget]   NW_018085271.1 — 0.2 Mb, 0 hits in 0.00s
[offtarget]   NW_018085272.1 — 0.1 Mb, 0 hits in 0.00s
[offtarget]   NW_018085273.1 — 0.0 Mb, 0 hits in 0.00s
[offtarget]   NW_018085274.1 — 0.0 Mb, 0 hits in 0.00s
[offtarget]   NW_018085275.1 — 0.2 Mb, 0 hits in 0.00s
[offtarget]   NW_018085276.1 — 0.0 Mb, 0 hits in 0.00s
[offtarget]   NW_018085277.1 — 0.1 Mb, 0 hits in 0.00s
[offtarget]   NW_018085278.1 — 0.0 Mb, 0 hits in 0.00s
[offtarget]   NW_018085279.1 — 0.0 Mb, 0 hits in 0.00s
[offtarget]   NW_018085280.1 — 0.1 Mb, 0 hits in 0.00s
[offtarget]   NW_018085281.1 — 0.0 Mb, 0 hits in 0.00s
[offtarget]   NW_018085282.1 — 0.0 Mb, 0 hits in 0.00s
[offtarget]   NW_018085283.1 — 0.0 Mb, 0 hits in 0.00s
[offtarget]   NW_018085284.1 — 0.1 Mb, 0 hits in 0.00s
[offtarget]   NW_018085285.1 — 0.0 Mb, 0 hits in 0.00s
[offtarget]   NW_018085286.1 — 0.0 Mb, 0 hits in 0.00s
[offtarget]   NW_018085287.1 — 0.2 Mb, 0 hits in 0.00s
[offtarget]   NW_018085288.1 — 0.1 Mb, 0 hits in 0.00s
[offtarget]   NW_018085289.1 — 0.0 Mb, 0 hits in 0.00s
[offtarget]   NW_018085290.1 — 0.0 Mb, 0 hits in 0.00s
[offtarget]   NW_018085291.1 — 0.1 Mb, 0 hits in 0.00s
[offtarget]   NW_018085292.1 — 0.1 Mb, 0 hits in 0.00s
[offtarget]   NW_018085293.1 — 0.9 Mb, 0 hits in 0.00s
[offtarget]   NW_018085294.1 — 0.0 Mb, 0 hits in 0.00s
[offtarget]   NW_018085295.1 — 0.0 Mb, 0 hits in 0.00s
[offtarget]   NW_018085296.1 — 0.0 Mb, 0 hits in 0.00s
[offtarget]   NW_018085297.1 — 0.1 Mb, 0 hits in 0.00s
[offtarget]   NW_018085298.1 — 0.0 Mb, 0 hits in 0.00s
[offtarget]   NW_018085299.1 — 0.0 Mb, 0 hits in 0.00s
[offtarget]   NW_018085300.1 — 0.1 Mb, 0 hits in 0.00s
[offtarget]   NW_018085301.1 — 0.1 Mb, 0 hits in 0.00s
[offtarget]   NW_018085302.1 — 0.6 Mb, 0 hits in 0.00s
[offtarget]   NW_018085303.1 — 0.6 Mb, 0 hits in 0.00s
[offtarget]   NW_018085304.1 — 0.1 Mb, 0 hits in 0.00s
[offtarget]   NW_018085305.1 — 0.0 Mb, 0 hits in 0.00s
[offtarget]   NW_018085306.1 — 0.1 Mb, 0 hits in 0.00s
[offtarget]   NW_018085307.1 — 0.1 Mb, 0 hits in 0.00s
[offtarget]   NW_018085308.1 — 0.1 Mb, 0 hits in 0.00s
[offtarget]   NW_018085309.1 — 0.0 Mb, 0 hits in 0.00s
[offtarget]   NW_018085310.1 — 0.0 Mb, 0 hits in 0.00s
[offtarget]   NW_018085311.1 — 0.0 Mb, 0 hits in 0.00s
[offtarget]   NW_018085312.1 — 0.0 Mb, 0 hits in 0.00s
[offtarget]   NW_018085313.1 — 0.1 Mb, 0 hits in 0.00s
[offtarget]   NW_018085314.1 — 0.1 Mb, 0 hits in 0.00s
[offtarget]   NW_018085315.1 — 0.1 Mb, 0 hits in 0.00s
[offtarget]   NW_018085316.1 — 0.1 Mb, 0 hits in 0.00s
[offtarget]   NW_018085317.1 — 0.0 Mb, 0 hits in 0.00s
[offtarget]   NW_018085318.1 — 0.0 Mb, 0 hits in 0.00s
[offtarget]   NW_018085319.1 — 0.1 Mb, 0 hits in 0.00s
[offtarget]   NW_018085320.1 — 0.1 Mb, 0 hits in 0.00s
[offtarget]   NW_018085321.1 — 0.0 Mb, 0 hits in 0.00s
[offtarget]   NW_018085322.1 — 0.0 Mb, 0 hits in 0.00s
[offtarget]   NW_018085323.1 — 0.0 Mb, 0 hits in 0.00s
[offtarget]   NW_018085324.1 — 0.0 Mb, 0 hits in 0.00s
[offtarget]   NW_018085325.1 — 0.0 Mb, 0 hits in 0.00s
[offtarget]   NW_018085326.1 — 0.0 Mb, 0 hits in 0.00s
[offtarget]   NW_018085327.1 — 0.0 Mb, 0 hits in 0.00s
[offtarget]   NW_018085328.1 — 0.1 Mb, 0 hits in 0.00s
[offtarget]   NW_018085329.1 — 0.0 Mb, 0 hits in 0.00s
[offtarget]   NW_018085330.1 — 0.1 Mb, 0 hits in 0.00s
[offtarget]   NW_018085331.1 — 0.0 Mb, 0 hits in 0.00s
[offtarget]   NW_018085332.1 — 0.0 Mb, 0 hits in 0.00s
[offtarget]   NW_018085333.1 — 0.1 Mb, 0 hits in 0.00s
[offtarget]   NW_018085334.1 — 0.0 Mb, 0 hits in 0.00s
[offtarget]   NW_018085335.1 — 0.1 Mb, 0 hits in 0.00s
[offtarget]   NW_018085336.1 — 0.1 Mb, 0 hits in 0.00s
[offtarget]   NW_018085337.1 — 0.0 Mb, 0 hits in 0.00s
[offtarget]   NW_018085338.1 — 0.1 Mb, 0 hits in 0.00s
[offtarget]   NW_018085339.1 — 0.1 Mb, 0 hits in 0.00s
[offtarget]   NW_018085340.1 — 0.0 Mb, 0 hits in 0.00s
[offtarget]   NW_018085341.1 — 0.0 Mb, 0 hits in 0.00s
[offtarget]   NW_018085342.1 — 0.2 Mb, 0 hits in 0.00s
[offtarget]   NW_018085343.1 — 0.1 Mb, 0 hits in 0.00s
[offtarget]   NW_018085344.1 — 0.7 Mb, 0 hits in 0.00s
[offtarget]   NW_018085345.1 — 0.1 Mb, 0 hits in 0.00s
[offtarget]   NW_018085346.1 — 0.1 Mb, 0 hits in 0.00s
[offtarget]   NW_018085347.1 — 0.0 Mb, 0 hits in 0.00s
[offtarget]   NW_018085348.1 — 0.0 Mb, 0 hits in 0.00s
[offtarget]   NW_018085349.1 — 0.2 Mb, 0 hits in 0.00s
[offtarget]   NW_018085350.1 — 0.0 Mb, 0 hits in 0.00s
[offtarget]   NW_018085351.1 — 0.1 Mb, 0 hits in 0.00s
[offtarget]   NW_018085352.1 — 0.1 Mb, 0 hits in 0.00s
[offtarget]   NW_018085353.1 — 0.0 Mb, 0 hits in 0.00s
[offtarget]   NW_018085354.1 — 0.0 Mb, 0 hits in 0.00s
[offtarget]   NW_018085355.1 — 0.0 Mb, 0 hits in 0.00s
[offtarget]   NW_018085356.1 — 0.7 Mb, 0 hits in 0.00s
[offtarget]   NW_018085357.1 — 0.1 Mb, 0 hits in 0.00s
[offtarget]   NW_018085358.1 — 0.1 Mb, 0 hits in 0.00s
[offtarget]   NW_018085359.1 — 0.1 Mb, 0 hits in 0.00s
[offtarget]   NW_018085360.1 — 0.0 Mb, 0 hits in 0.00s
[offtarget]   NW_018085361.1 — 0.0 Mb, 0 hits in 0.00s
[offtarget]   NW_018085362.1 — 0.0 Mb, 0 hits in 0.00s
[offtarget]   NW_018085363.1 — 0.0 Mb, 0 hits in 0.00s
[offtarget]   NW_018085364.1 — 0.4 Mb, 0 hits in 0.00s
[offtarget]   NW_018085365.1 — 0.0 Mb, 0 hits in 0.00s
[offtarget]   NW_018085366.1 — 0.1 Mb, 0 hits in 0.00s
[offtarget]   NW_018085367.1 — 0.1 Mb, 0 hits in 0.00s
[offtarget]   NW_018085368.1 — 0.0 Mb, 0 hits in 0.00s
[offtarget]   NC_000845.1 — 0.0 Mb, 0 hits in 0.00s
[offtarget] Done. 0 total hits across 613 chroms in 3.9s → data/crispr_guides/offtargets_novel52_pig_3mm.csv
        3.93 real         3.27 user         0.90 sys
          2793897984  maximum resident set size
                   0  average shared memory size
                   0  average unshared data size
                   0  average unshared stack size
              170736  page reclaims
                   0  page faults
                   0  swaps
                   0  block input operations
                   0  block output operations
                   0  messages sent
                   0  messages received
                   0  signals received
                  17  voluntary context switches
               12235  involuntary context switches
         58705903359  instructions retired
         14558730939  cycles elapsed
          2790197672  peak memory footprint
